C51 COMPILER V7.50   KEY                                                                   09/16/2014 21:47:55 PAGE 1   


C51 COMPILER V7.50, COMPILATION OF MODULE KEY
OBJECT MODULE PLACED IN .\output\key.obj
COMPILER INVOKED BY: C:\Keil\C51\BIN\C51.EXE source\key.c LARGE BROWSE INCDIR(.\include\) DEBUG OBJECTEXTEND PRINT(.\lis
                    -ting\key.lst) OBJECT(.\output\key.obj)

line level    source

   1          #include <reg52.h>
   2          #include <intrins.h>
   3          #include <parameter.h>
   4          #include <key.h>
   5          #include <dispatch.h>
   6          
   7          
   8          void Key_Scan(void);
   9          
  10          unsigned char Key_Scan_Steps = 0;               //0：初始状态 如果有按键按下则进入1
  11                                                                                          //1：延迟10ms
  12                                                                                          //2：如果按键确实按下则进入3
  13                                                                                          //3：确定按键
  14                                                                                          //4：如果按键释放则进入0
  15          
  16          void Key_Scan(void)
  17          {
  18   1              switch(Key_Scan_Steps)
  19   1              {
  20   2                      case 0:
  21   2                              if(sensorButton1 == 1 || sensorButton2 == 1)
  22   2                              {
  23   3                                      Key_Scan_Steps = 1;
  24   3                              }
  25   2                      break;
  26   2                      case 1:
  27   2                              if(sensorButton1 == 1 || sensorButton2 == 1)
  28   2                              {
  29   3                                      Key_Scan_Steps = 2;
  30   3                              }
  31   2                              else
  32   2                              {
  33   3                                      Key_Scan_Steps = 0;
  34   3                              }
  35   2                      break;
  36   2                      case 2:
  37   2                              if(sensorButton1 == 1) //一楼按钮
  38   2                              {
  39   3                                      ManiDispatchSteps = 1;
  40   3                              }
  41   2                              if(sensorButton2 == 1) //二楼按钮
  42   2                              {       
  43   3                                      ManiDispatchSteps = 3;
  44   3                              }
  45   2                              Key_Scan_Steps = 3;
  46   2                      break;
  47   2                      case 3:
  48   2                              if(sensorButton1 == 0 && sensorButton2 == 0)
  49   2                              {
  50   3                                      Key_Scan_Steps = 0;
  51   3                              }
  52   2                      break;
  53   2                      default:
  54   2                               _nop_();
C51 COMPILER V7.50   KEY                                                                   09/16/2014 21:47:55 PAGE 2   

  55   2              }
  56   1      }


MODULE INFORMATION:   STATIC OVERLAYABLE
   CODE SIZE        =     82    ----
   CONSTANT SIZE    =   ----    ----
   XDATA SIZE       =      1    ----
   PDATA SIZE       =   ----    ----
   DATA SIZE        =   ----    ----
   IDATA SIZE       =   ----    ----
   BIT SIZE         =   ----    ----
END OF MODULE INFORMATION.


C51 COMPILATION COMPLETE.  0 WARNING(S),  0 ERROR(S)
