C51 COMPILER V7.50   MAIN                                                                  09/17/2014 15:25:03 PAGE 1   


C51 COMPILER V7.50, COMPILATION OF MODULE MAIN
OBJECT MODULE PLACED IN .\output\main.obj
COMPILER INVOKED BY: C:\Keil\C51\BIN\C51.EXE source\main.c LARGE BROWSE INCDIR(.\include\) DEBUG OBJECTEXTEND PRINT(.\li
                    -sting\main.lst) OBJECT(.\output\main.obj)

line level    source

   1          /***************************************************************************/
   2          // 程序：清洗设备控制器
   3          // 模块：主函数 
   4          // 文件：main.c
   5          // 作者：卜晓D
   6          // 版本：V0.02
   7          // 日期：2013年11月8日
   8          // 功能：主函数
   9          // 芯片：STC12C5A60S2
  10          // 编译：Keil uVision3 V3.90
  11          /***************************************************************************/
  12          
  13          #include <reg52.h>
  14          #include <basefunc.h>
  15          #include <parameter.h>
  16          #include <timer.h>
  17          #include <key.h>
  18          #include <dispatch.h>
  19          
  20          /***************************************************************************/
  21          // 主函数
  22          // 参数：无
  23          // 返回值：无   
  24          /***************************************************************************/
  25          void main()
  26          {
  27   1              IO_init();
  28   1              timer_init();
  29   1              while(1)
  30   1              {
  31   2                      ManiDispatch();
  32   2                      SubDispatchGo1Floor();
  33   2                      SubDispatchGo2Floor();
  34   2              }   
  35   1      }
  36          
  37          
  38          
  39          
  40          
  41          
  42          
  43          


MODULE INFORMATION:   STATIC OVERLAYABLE
   CODE SIZE        =     17    ----
   CONSTANT SIZE    =   ----    ----
   XDATA SIZE       =   ----    ----
   PDATA SIZE       =   ----    ----
   DATA SIZE        =   ----    ----
   IDATA SIZE       =   ----    ----
   BIT SIZE         =   ----    ----
END OF MODULE INFORMATION.

C51 COMPILER V7.50   MAIN                                                                  09/17/2014 15:25:03 PAGE 2   


C51 COMPILATION COMPLETE.  0 WARNING(S),  0 ERROR(S)
