C51 COMPILER V7.50   TIMER                                                                 09/15/2014 23:26:51 PAGE 1   


C51 COMPILER V7.50, COMPILATION OF MODULE TIMER
OBJECT MODULE PLACED IN .\output\timer.obj
COMPILER INVOKED BY: C:\Keil\C51\BIN\C51.EXE source\timer.c LARGE BROWSE INCDIR(.\include\) DEBUG OBJECTEXTEND PRINT(.\l
                    -isting\timer.lst) OBJECT(.\output\timer.obj)

line level    source

   1          #include <timer.h>
   2          #include <reg52.h>
   3          #include <intrins.h>
   4          #include <parameter.h>
   5          #include <key.h>
   6          
   7          typedef unsigned char BYTE;
   8          typedef unsigned int WORD;
   9          
  10          //-----------------------------------------------
  11          
  12          /* define constants */
  13          #define FOSC 11059200L
  14          #define MODE1T                      //Timer clock mode, comment this line is 12T mode, uncomment is 1T mod
             -e
  15          
  16          #ifdef MODE1T
  17          #define T1MS (65536-FOSC/1000)      //1ms timer calculation method in 1T mode
  18          #else
              #define T1MS (65536-FOSC/12/1000)   //1ms timer calculation method in 12T mode
              #endif
  21          
  22          
  23          /* define variables */
  24          WORD count;                         //1000 times counter
  25          
  26          //-----------------------------------------------
  27          
  28          /* Timer0 interrupt routine */
  29          void tm0_isr() interrupt 1 using 1
  30          {
  31   1          TL0 = T1MS;                     //reload timer0 low byte
  32   1          TH0 = T1MS >> 8;                //reload timer0 high byte
  33   1          if (count-- == 0)               //10ms
  34   1          {
  35   2              count = 9;               //reset counter
  36   2              //TestOut = ! TestOut;
  37   2                      Key_Scan();
  38   2          }
  39   1      }
  40          
  41          //-----------------------------------------------
  42          
  43          /* main program */
  44          void timer_init()
  45          {
  46   1      #ifdef MODE1T
  47   1          AUXR = 0x80;                    //timer0 work in 1T mode
  48   1      #endif
  49   1          TMOD = 0x01;                    //set timer0 as mode1 (16-bit)
  50   1          TL0 = T1MS;                     //initial timer0 low byte
  51   1          TH0 = T1MS >> 8;                //initial timer0 high byte
  52   1          TR0 = 1;                        //timer0 start running
  53   1          ET0 = 1;                        //enable timer0 interrupt
C51 COMPILER V7.50   TIMER                                                                 09/15/2014 23:26:51 PAGE 2   

  54   1          EA = 1;                         //open global interrupt switch
  55   1          count = 0;                      //initial counter
  56   1      }
  57          


MODULE INFORMATION:   STATIC OVERLAYABLE
   CODE SIZE        =     81    ----
   CONSTANT SIZE    =   ----    ----
   XDATA SIZE       =      2    ----
   PDATA SIZE       =   ----    ----
   DATA SIZE        =   ----    ----
   IDATA SIZE       =   ----    ----
   BIT SIZE         =   ----    ----
END OF MODULE INFORMATION.


C51 COMPILATION COMPLETE.  0 WARNING(S),  0 ERROR(S)
